[firtool] Running fir parser
[firtool] -- Done in 0.015 sec
[firtool] Running "firrtl.circuit(firrtl-lower-annotations{disable-annotation-classless=false disable-annotation-unknown=true},firrtl.module(firrtl-drop-names{preserve-values=named},cse),firrtl-inject-dut-hier,firrtl.module(firrtl-lower-chirrtl),firrtl-infer-widths,firrtl-mem-to-reg-of-vec{ignore-read-enable-mem=false repl-seq-mem=false},firrtl-infer-resets,firrtl-dft,firrtl-lower-types{flatten-mem=false preserve-aggregate=1d-vec preserve-public-types=true},firrtl.module(firrtl-expand-whens,firrtl-sfc-compat),firrtl-inliner,firrtl.module(firrtl-randomize-register-init),firrtl-check-comb-cycles{print-simple-cycle=true},firrtl.module(canonicalize{  max-iterations=10 region-simplify=false top-down=true},firrtl-infer-rw),firrtl-prefix-modules,firrtl-imconstprop,firrtl-add-seqmem-ports,firrtl-emit-metadata{repl-seq-mem=false repl-seq-mem-circuit= repl-seq-mem-file=},firrtl-extract-instances,firrtl-grand-central,firrtl-grand-central-taps,firrtl-grand-central-signal-mappings{file=},symbol-dce,firrtl-blackbox-reader{input-prefix=/nix/store/ly38rhsik2wil4mkmpsc5z8z7lfm2vip-source/regress},firrtl.module(firrtl-drop-names{preserve-values=named},canonicalize{  max-iterations=10 region-simplify=false top-down=true}),firrtl-imdeadcodeelim,firrtl-emit-omir{file=},firrtl-resolve-traces{file=},firrtl-lower-xmr)"
[firtool]   Running "firrtl-lower-annotations{disable-annotation-classless=false disable-annotation-unknown=true}"
[firtool]   -- Done in 0.003 sec
[firtool]   Running "firrtl.module(firrtl-drop-names{preserve-values=named},cse)"
[firtool]   -- Done in 0.008 sec
[firtool]   Running "firrtl-inject-dut-hier"
[firtool]   -- Done in 0.000 sec
[firtool]   Running "firrtl.module(firrtl-lower-chirrtl)"
[firtool]   -- Done in 0.005 sec
[firtool]   Running "firrtl-infer-widths"
[firtool]   -- Done in 0.010 sec
[firtool]   Running "firrtl-mem-to-reg-of-vec{ignore-read-enable-mem=false repl-seq-mem=false}"
[firtool]   -- Done in 0.003 sec
[firtool]   Running "firrtl-infer-resets"
[firtool]   -- Done in 0.020 sec
[firtool]   Running "firrtl-dft"
[firtool]   -- Done in 0.001 sec
[firtool]   Running "firrtl-lower-types{flatten-mem=false preserve-aggregate=1d-vec preserve-public-types=true}"
[firtool]   -- Done in 0.056 sec
[firtool]   Running "firrtl.module(firrtl-expand-whens,firrtl-sfc-compat)"
[firtool]   -- Done in 0.051 sec
[firtool]   Running "firrtl-inliner"
[firtool]   -- Done in 0.014 sec
[firtool]   Running "firrtl.module(firrtl-randomize-register-init)"
[firtool]   -- Done in 0.015 sec
[firtool]   Running "firrtl-check-comb-cycles{print-simple-cycle=true}"
[firtool]   -- Done in 0.009 sec
[firtool]   Running "firrtl.module(canonicalize{  max-iterations=10 region-simplify=false top-down=true},firrtl-infer-rw)"
[firtool]   -- Done in 0.051 sec
[firtool]   Running "firrtl-prefix-modules"
[firtool]   -- Done in 0.003 sec
[firtool]   Running "firrtl-imconstprop"
[firtool]   -- Done in 0.033 sec
[firtool]   Running "firrtl-add-seqmem-ports"
[firtool]   -- Done in 0.001 sec
[firtool]   Running "firrtl-emit-metadata{repl-seq-mem=false repl-seq-mem-circuit= repl-seq-mem-file=}"
[firtool]   -- Done in 0.010 sec
[firtool]   Running "firrtl-extract-instances"
[firtool]   -- Done in 0.000 sec
[firtool]   Running "firrtl-grand-central"
[firtool]   -- Done in 0.000 sec
[firtool]   Running "firrtl-grand-central-taps"
[firtool]   -- Done in 0.001 sec
[firtool]   Running "firrtl-grand-central-signal-mappings{file=}"
[firtool]   -- Done in 0.000 sec
[firtool]   Running "symbol-dce"
[firtool]   -- Done in 0.012 sec
[firtool]   Running "firrtl-blackbox-reader{input-prefix=/nix/store/ly38rhsik2wil4mkmpsc5z8z7lfm2vip-source/regress}"
[firtool]   -- Done in 0.001 sec
[firtool]   Running "firrtl.module(firrtl-drop-names{preserve-values=named},canonicalize{  max-iterations=10 region-simplify=false top-down=true})"
[firtool]   -- Done in 0.028 sec
[firtool]   Running "firrtl-imdeadcodeelim"
[firtool]   -- Done in 0.015 sec
[firtool]   Running "firrtl-emit-omir{file=}"
[firtool]   -- Done in 0.000 sec
[firtool]   Running "firrtl-resolve-traces{file=}"
[firtool]   -- Done in 0.002 sec
[firtool]   Running "firrtl-lower-xmr"
[firtool]   -- Done in 0.009 sec
[firtool] -- Done in 0.361 sec
[firtool] Running "lower-firrtl-to-hw{emit-chisel-asserts-as-sva=false strip-mux-pragmas=false warn-on-unprocessed-annotations=false}"
[firtool] -- Done in 0.034 sec
[firtool] Running "hw.module(cse,canonicalize{  max-iterations=10 region-simplify=false top-down=true},cse,lower-seq-firrtl-to-sv)"
[firtool] -- Done in 0.090 sec
[firtool] Running "hw-memory-sim{ignore-read-enable-mem=false repl-seq-mem=false strip-mux-pragmas=false}"
[firtool] -- Done in 0.009 sec
[firtool] Running "hw.module(cse,canonicalize{  max-iterations=10 region-simplify=false top-down=true},cse,hw-cleanup)"
[firtool] -- Done in 0.049 sec
[firtool] Running "hw.module(hw-legalize-modules,prettify-verilog)"
[firtool] -- Done in 0.008 sec
[firtool] Running "strip-debuginfo-with-pred{drop-suffix=}"
[firtool] -- Done in 0.007 sec
[firtool] Running "export-verilog"
[firtool]   Running "hw.module(prepare-for-emission)"
[firtool]   -- Done in 0.017 sec
[firtool] -- Done in 0.050 sec
===-------------------------------------------------------------------------===
                         ... Execution time report ...
===-------------------------------------------------------------------------===
  Total Execution Time: 0.6233 seconds

  ----User Time----  ----Wall Time----  ----Name----
    0.0150 (  2.2%)    0.0150 (  2.4%)  FIR Parser
    0.0000 (  0.0%)    0.0000 (  0.0%)    Parse annotations
    0.0000 (  0.0%)    0.0000 (  0.0%)    Parse OMIR
    0.0121 (  1.7%)    0.0121 (  1.9%)    Parse modules
    0.0027 (  0.4%)    0.0027 (  0.4%)    Verify circuit
    0.3603 ( 51.7%)    0.3603 ( 57.8%)  'firrtl.circuit' Pipeline
    0.0028 (  0.4%)    0.0028 (  0.4%)    LowerFIRRTLAnnotations
    0.0078 (  1.1%)    0.0078 (  1.3%)    'firrtl.module' Pipeline
    0.0033 (  0.5%)    0.0033 (  0.5%)      DropName
    0.0044 (  0.6%)    0.0044 (  0.7%)      CSE
    0.0000 (  0.0%)    0.0000 (  0.0%)        (A) DominanceInfo
    0.0000 (  0.0%)    0.0000 (  0.0%)    InjectDUTHierarchy
    0.0042 (  0.6%)    0.0042 (  0.7%)    'firrtl.module' Pipeline
    0.0042 (  0.6%)    0.0042 (  0.7%)      LowerCHIRRTLPass
    0.0098 (  1.4%)    0.0098 (  1.6%)    InferWidths
    0.0034 (  0.5%)    0.0034 (  0.5%)    MemToRegOfVec
    0.0200 (  2.9%)    0.0200 (  3.2%)    InferResets
    0.0003 (  0.0%)    0.0003 (  0.0%)      (A) circt::firrtl::InstanceGraph
    0.0005 (  0.1%)    0.0005 (  0.1%)    WireDFT
    0.0561 (  8.1%)    0.0561 (  9.0%)    LowerFIRRTLTypes
    0.0480 (  6.9%)    0.0480 (  7.7%)    'firrtl.module' Pipeline
    0.0376 (  5.4%)    0.0376 (  6.0%)      ExpandWhens
    0.0104 (  1.5%)    0.0104 (  1.7%)      SFCCompat
    0.0138 (  2.0%)    0.0138 (  2.2%)    Inliner
    0.0128 (  1.8%)    0.0128 (  2.1%)    'firrtl.module' Pipeline
    0.0128 (  1.8%)    0.0128 (  2.1%)      RandomizeRegisterInit
    0.0092 (  1.3%)    0.0092 (  1.5%)    CheckCombCycles
    0.0009 (  0.1%)    0.0009 (  0.1%)      (A) circt::firrtl::InstanceGraph
    0.0486 (  7.0%)    0.0486 (  7.8%)    'firrtl.module' Pipeline
    0.0405 (  5.8%)    0.0405 (  6.5%)      Canonicalizer
    0.0081 (  1.2%)    0.0081 (  1.3%)      InferReadWrite
    0.0027 (  0.4%)    0.0027 (  0.4%)    PrefixModules
    0.0008 (  0.1%)    0.0008 (  0.1%)      (A) circt::firrtl::InstanceGraph
    0.0000 (  0.0%)    0.0000 (  0.0%)      (A) circt::firrtl::NLATable
    0.0331 (  4.7%)    0.0331 (  5.3%)    IMConstProp
    0.0008 (  0.1%)    0.0008 (  0.1%)    AddSeqMemPorts
    0.0007 (  0.1%)    0.0007 (  0.1%)      (A) circt::firrtl::InstanceGraph
    0.0097 (  1.4%)    0.0097 (  1.6%)    CreateSiFiveMetadata
    0.0004 (  0.1%)    0.0004 (  0.1%)    ExtractInstances
    0.0000 (  0.0%)    0.0000 (  0.0%)      (A) circt::firrtl::NLATable
    0.0000 (  0.0%)    0.0000 (  0.0%)    GrandCentral
    0.0008 (  0.1%)    0.0008 (  0.1%)    GrandCentralTaps
    0.0000 (  0.0%)    0.0000 (  0.0%)    GrandCentralSignalMappings
    0.0124 (  1.8%)    0.0124 (  2.0%)    SymbolDCE
    0.0008 (  0.1%)    0.0008 (  0.1%)    BlackBoxReader
    0.0008 (  0.1%)    0.0008 (  0.1%)      (A) circt::firrtl::InstanceGraph
    0.0260 (  3.7%)    0.0260 (  4.2%)    'firrtl.module' Pipeline
    0.0075 (  1.1%)    0.0075 (  1.2%)      DropName
    0.0185 (  2.7%)    0.0185 (  3.0%)      Canonicalizer
    0.0145 (  2.1%)    0.0145 (  2.3%)    IMDeadCodeElim
    0.0008 (  0.1%)    0.0008 (  0.1%)      (A) circt::firrtl::InstanceGraph
    0.0000 (  0.0%)    0.0000 (  0.0%)    EmitOMIR
    0.0017 (  0.2%)    0.0017 (  0.3%)    ResolveTraces
    0.0000 (  0.0%)    0.0000 (  0.0%)      (A) circt::firrtl::NLATable
    0.0091 (  1.3%)    0.0091 (  1.5%)    LowerXMR
    0.0011 (  0.2%)    0.0011 (  0.2%)      (A) circt::firrtl::InstanceGraph
    0.0343 (  4.9%)    0.0343 (  5.5%)  LowerFIRRTLToHW
    0.0000 (  0.0%)    0.0000 (  0.0%)    (A) circt::firrtl::NLATable
    0.0007 (  0.1%)    0.0007 (  0.1%)    (A) circt::firrtl::InstanceGraph
    0.0883 ( 12.7%)    0.0883 ( 14.2%)  'hw.module' Pipeline
    0.0137 (  2.0%)    0.0137 (  2.2%)    CSE
    0.0000 (  0.0%)    0.0000 (  0.0%)      (A) DominanceInfo
    0.0478 (  6.9%)    0.0478 (  7.7%)    Canonicalizer
    0.0090 (  1.3%)    0.0090 (  1.5%)    CSE
    0.0000 (  0.0%)    0.0000 (  0.0%)      (A) DominanceInfo
    0.0178 (  2.6%)    0.0178 (  2.9%)    LowerSeqFIRRTLToSV
    0.0086 (  1.2%)    0.0086 (  1.4%)  HWMemSimImpl
    0.0500 (  7.2%)    0.0476 (  7.6%)  'hw.module' Pipeline
    0.0168 (  2.4%)    0.0159 (  2.5%)    CSE
    0.0000 (  0.0%)    0.0000 (  0.0%)      (A) DominanceInfo
    0.0205 (  2.9%)    0.0196 (  3.1%)    Canonicalizer
    0.0074 (  1.1%)    0.0069 (  1.1%)    CSE
    0.0000 (  0.0%)    0.0000 (  0.0%)      (A) DominanceInfo
    0.0053 (  0.8%)    0.0052 (  0.8%)    HWCleanup
    0.0072 (  1.0%)    0.0069 (  1.1%)  'hw.module' Pipeline
    0.0005 (  0.1%)    0.0004 (  0.1%)    HWLegalizeModules
    0.0067 (  1.0%)    0.0066 (  1.1%)    PrettifyVerilog
    0.0070 (  1.0%)    0.0070 (  1.1%)  StripDebugInfoWithPred
    0.0503 (  7.2%)    0.0503 (  8.1%)  ExportVerilog
    0.0338 (  4.8%)    0.0172 (  2.8%)  'builtin.module' Pipeline
    0.0166 (  2.4%)    0.0157 (  2.5%)    'hw.module' Pipeline
    0.0165 (  2.4%)    0.0157 (  2.5%)      PrepareForEmission
   -0.0163 ( -2.3%)   -0.0163 ( -2.6%)  Rest
    0.6971 (100.0%)    0.6233 (100.0%)  Total
	Command being timed: "firtool /nix/store/ly38rhsik2wil4mkmpsc5z8z7lfm2vip-source/regress/Rob.fir -o /nix/store/1f8fxcd96z078szc53yx6hab9zll3829-test-outputs/Rob/Rob.sv -mlir-timing -verbose-pass-executions"
	User time (seconds): 0.61
	System time (seconds): 0.02
	Percent of CPU this job got: 101%
	Elapsed (wall clock) time (h:mm:ss or m:ss): 0:00.63
	Average shared text size (kbytes): 0
	Average unshared data size (kbytes): 0
	Average stack size (kbytes): 0
	Average total size (kbytes): 0
	Maximum resident set size (kbytes): 97836
	Average resident set size (kbytes): 0
	Major (requiring I/O) page faults: 0
	Minor (reclaiming a frame) page faults: 11733
	Voluntary context switches: 311
	Involuntary context switches: 156
	Swaps: 0
	File system inputs: 0
	File system outputs: 2488
	Socket messages sent: 0
	Socket messages received: 0
	Signals delivered: 0
	Page size (bytes): 4096
	Exit status: 0
