[firtool] Running fir parser
[firtool] -- Done in 0.001 sec
[firtool] Running "firrtl.circuit(firrtl-lower-annotations{disable-annotation-classless=false disable-annotation-unknown=true},firrtl.module(firrtl-drop-names{preserve-values=named},cse),firrtl-inject-dut-hier,firrtl.module(firrtl-lower-chirrtl),firrtl-infer-widths,firrtl-mem-to-reg-of-vec{ignore-read-enable-mem=false repl-seq-mem=false},firrtl-infer-resets,firrtl-dft,firrtl-lower-types{flatten-mem=false preserve-aggregate=1d-vec preserve-public-types=true},firrtl.module(firrtl-expand-whens,firrtl-sfc-compat),firrtl-inliner,firrtl.module(firrtl-randomize-register-init),firrtl-check-comb-cycles{print-simple-cycle=true},firrtl.module(canonicalize{  max-iterations=10 region-simplify=false top-down=true},firrtl-infer-rw),firrtl-prefix-modules,firrtl-imconstprop,firrtl-add-seqmem-ports,firrtl-emit-metadata{repl-seq-mem=false repl-seq-mem-circuit= repl-seq-mem-file=},firrtl-extract-instances,firrtl-grand-central,firrtl-grand-central-taps,firrtl-grand-central-signal-mappings{file=},symbol-dce,firrtl-blackbox-reader{input-prefix=/nix/store/ly38rhsik2wil4mkmpsc5z8z7lfm2vip-source/regress},firrtl.module(firrtl-drop-names{preserve-values=named},canonicalize{  max-iterations=10 region-simplify=false top-down=true}),firrtl-imdeadcodeelim,firrtl-emit-omir{file=},firrtl-resolve-traces{file=},firrtl-lower-xmr)"
[firtool]   Running "firrtl-lower-annotations{disable-annotation-classless=false disable-annotation-unknown=true}"
[firtool]   -- Done in 0.000 sec
[firtool]   Running "firrtl.module(firrtl-drop-names{preserve-values=named},cse)"
[firtool]   -- Done in 0.000 sec
[firtool]   Running "firrtl-inject-dut-hier"
[firtool]   -- Done in 0.000 sec
[firtool]   Running "firrtl.module(firrtl-lower-chirrtl)"
[firtool]   -- Done in 0.000 sec
[firtool]   Running "firrtl-infer-widths"
[firtool]   -- Done in 0.000 sec
[firtool]   Running "firrtl-mem-to-reg-of-vec{ignore-read-enable-mem=false repl-seq-mem=false}"
[firtool]   -- Done in 0.000 sec
[firtool]   Running "firrtl-infer-resets"
[firtool]   -- Done in 0.000 sec
[firtool]   Running "firrtl-dft"
[firtool]   -- Done in 0.000 sec
[firtool]   Running "firrtl-lower-types{flatten-mem=false preserve-aggregate=1d-vec preserve-public-types=true}"
[firtool]   -- Done in 0.000 sec
[firtool]   Running "firrtl.module(firrtl-expand-whens,firrtl-sfc-compat)"
[firtool]   -- Done in 0.000 sec
[firtool]   Running "firrtl-inliner"
[firtool]   -- Done in 0.000 sec
[firtool]   Running "firrtl.module(firrtl-randomize-register-init)"
[firtool]   -- Done in 0.000 sec
[firtool]   Running "firrtl-check-comb-cycles{print-simple-cycle=true}"
[firtool]   -- Done in 0.000 sec
[firtool]   Running "firrtl.module(canonicalize{  max-iterations=10 region-simplify=false top-down=true},firrtl-infer-rw)"
[firtool]   -- Done in 0.000 sec
[firtool]   Running "firrtl-prefix-modules"
[firtool]   -- Done in 0.000 sec
[firtool]   Running "firrtl-imconstprop"
[firtool]   -- Done in 0.000 sec
[firtool]   Running "firrtl-add-seqmem-ports"
[firtool]   -- Done in 0.000 sec
[firtool]   Running "firrtl-emit-metadata{repl-seq-mem=false repl-seq-mem-circuit= repl-seq-mem-file=}"
[firtool]   -- Done in 0.000 sec
[firtool]   Running "firrtl-extract-instances"
[firtool]   -- Done in 0.000 sec
[firtool]   Running "firrtl-grand-central"
[firtool]   -- Done in 0.000 sec
[firtool]   Running "firrtl-grand-central-taps"
[firtool]   -- Done in 0.000 sec
[firtool]   Running "firrtl-grand-central-signal-mappings{file=}"
[firtool]   -- Done in 0.000 sec
[firtool]   Running "symbol-dce"
[firtool]   -- Done in 0.000 sec
[firtool]   Running "firrtl-blackbox-reader{input-prefix=/nix/store/ly38rhsik2wil4mkmpsc5z8z7lfm2vip-source/regress}"
[firtool]   -- Done in 0.000 sec
[firtool]   Running "firrtl.module(firrtl-drop-names{preserve-values=named},canonicalize{  max-iterations=10 region-simplify=false top-down=true})"
[firtool]   -- Done in 0.000 sec
[firtool]   Running "firrtl-imdeadcodeelim"
[firtool]   -- Done in 0.000 sec
[firtool]   Running "firrtl-emit-omir{file=}"
[firtool]   -- Done in 0.000 sec
[firtool]   Running "firrtl-resolve-traces{file=}"
[firtool]   -- Done in 0.000 sec
[firtool]   Running "firrtl-lower-xmr"
[firtool]   -- Done in 0.000 sec
[firtool] -- Done in 0.001 sec
[firtool] Running "lower-firrtl-to-hw{emit-chisel-asserts-as-sva=false strip-mux-pragmas=false warn-on-unprocessed-annotations=false}"
[firtool] -- Done in 0.000 sec
[firtool] Running "hw.module(cse,canonicalize{  max-iterations=10 region-simplify=false top-down=true},cse,lower-seq-firrtl-to-sv)"
[firtool] -- Done in 0.000 sec
[firtool] Running "hw-memory-sim{ignore-read-enable-mem=false repl-seq-mem=false strip-mux-pragmas=false}"
[firtool] -- Done in 0.000 sec
[firtool] Running "hw.module(cse,canonicalize{  max-iterations=10 region-simplify=false top-down=true},cse,hw-cleanup)"
[firtool] -- Done in 0.000 sec
[firtool] Running "hw.module(hw-legalize-modules,prettify-verilog)"
[firtool] -- Done in 0.000 sec
[firtool] Running "strip-debuginfo-with-pred{drop-suffix=}"
[firtool] -- Done in 0.000 sec
[firtool] Running "export-verilog"
[firtool]   Running "hw.module(prepare-for-emission)"
[firtool]   -- Done in 0.000 sec
[firtool] -- Done in 0.000 sec
===-------------------------------------------------------------------------===
                         ... Execution time report ...
===-------------------------------------------------------------------------===
  Total Execution Time: 0.0079 seconds

  ----Wall Time----  ----Name----
    0.0015 ( 18.5%)  FIR Parser
    0.0000 (  0.0%)    Parse annotations
    0.0000 (  0.0%)    Parse OMIR
    0.0007 (  8.9%)    Parse modules
    0.0000 (  0.5%)    Verify circuit
    0.0013 ( 16.1%)  'firrtl.circuit' Pipeline
    0.0000 (  0.3%)    LowerFIRRTLAnnotations
    0.0002 (  2.0%)    'firrtl.module' Pipeline
    0.0000 (  0.0%)      DropName
    0.0002 (  2.0%)      CSE
    0.0000 (  0.0%)        (A) DominanceInfo
    0.0000 (  0.0%)    InjectDUTHierarchy
    0.0000 (  0.1%)    'firrtl.module' Pipeline
    0.0000 (  0.1%)      LowerCHIRRTLPass
    0.0000 (  0.2%)    InferWidths
    0.0000 (  0.1%)    MemToRegOfVec
    0.0000 (  0.2%)    InferResets
    0.0000 (  0.0%)      (A) circt::firrtl::InstanceGraph
    0.0000 (  0.0%)    WireDFT
    0.0000 (  0.5%)    LowerFIRRTLTypes
    0.0000 (  0.2%)    'firrtl.module' Pipeline
    0.0000 (  0.1%)      ExpandWhens
    0.0000 (  0.0%)      SFCCompat
    0.0000 (  0.2%)    Inliner
    0.0000 (  0.1%)    'firrtl.module' Pipeline
    0.0000 (  0.1%)      RandomizeRegisterInit
    0.0000 (  0.2%)    CheckCombCycles
    0.0000 (  0.0%)      (A) circt::firrtl::InstanceGraph
    0.0003 (  3.8%)    'firrtl.module' Pipeline
    0.0003 (  3.7%)      Canonicalizer
    0.0000 (  0.0%)      InferReadWrite
    0.0000 (  0.2%)    PrefixModules
    0.0000 (  0.0%)      (A) circt::firrtl::InstanceGraph
    0.0000 (  0.0%)      (A) circt::firrtl::NLATable
    0.0000 (  0.2%)    IMConstProp
    0.0000 (  0.1%)    AddSeqMemPorts
    0.0000 (  0.0%)      (A) circt::firrtl::InstanceGraph
    0.0000 (  0.2%)    CreateSiFiveMetadata
    0.0000 (  0.1%)    ExtractInstances
    0.0000 (  0.0%)      (A) circt::firrtl::NLATable
    0.0000 (  0.0%)    GrandCentral
    0.0000 (  0.1%)    GrandCentralTaps
    0.0000 (  0.1%)    GrandCentralSignalMappings
    0.0000 (  0.3%)    SymbolDCE
    0.0000 (  0.1%)    BlackBoxReader
    0.0000 (  0.0%)      (A) circt::firrtl::InstanceGraph
    0.0000 (  0.2%)    'firrtl.module' Pipeline
    0.0000 (  0.0%)      DropName
    0.0000 (  0.2%)      Canonicalizer
    0.0000 (  0.2%)    IMDeadCodeElim
    0.0000 (  0.0%)      (A) circt::firrtl::InstanceGraph
    0.0000 (  0.1%)    EmitOMIR
    0.0004 (  4.7%)    ResolveTraces
    0.0000 (  0.0%)      (A) circt::firrtl::NLATable
    0.0000 (  0.2%)    LowerXMR
    0.0000 (  0.0%)      (A) circt::firrtl::InstanceGraph
    0.0001 (  1.4%)  LowerFIRRTLToHW
    0.0000 (  0.0%)    (A) circt::firrtl::NLATable
    0.0000 (  0.0%)    (A) circt::firrtl::InstanceGraph
    0.0002 (  2.7%)  'hw.module' Pipeline
    0.0000 (  0.1%)    CSE
    0.0000 (  0.0%)      (A) DominanceInfo
    0.0002 (  2.5%)    Canonicalizer
    0.0000 (  0.1%)    CSE
    0.0000 (  0.0%)      (A) DominanceInfo
    0.0000 (  0.0%)    LowerSeqFIRRTLToSV
    0.0000 (  0.2%)  HWMemSimImpl
    0.0000 (  0.3%)  'hw.module' Pipeline
    0.0000 (  0.1%)    CSE
    0.0000 (  0.0%)      (A) DominanceInfo
    0.0000 (  0.2%)    Canonicalizer
    0.0000 (  0.0%)    CSE
    0.0000 (  0.0%)      (A) DominanceInfo
    0.0000 (  0.0%)    HWCleanup
    0.0000 (  0.1%)  'hw.module' Pipeline
    0.0000 (  0.0%)    HWLegalizeModules
    0.0000 (  0.1%)    PrettifyVerilog
    0.0000 (  0.1%)  StripDebugInfoWithPred
    0.0003 (  4.3%)  ExportVerilog
    0.0001 (  1.0%)  'builtin.module' Pipeline
    0.0001 (  0.9%)    'hw.module' Pipeline
    0.0001 (  0.8%)      PrepareForEmission
    0.0041 ( 52.3%)  Rest
    0.0079 (100.0%)  Total
	Command being timed: "firtool /nix/store/ly38rhsik2wil4mkmpsc5z8z7lfm2vip-source/regress/AddNot.fir -o /nix/store/cpdlyhkvn56avjf4idy5izcqdxniax3w-test-outputs/AddNot/AddNot.sv -mlir-timing -verbose-pass-executions"
	User time (seconds): 0.00
	System time (seconds): 0.00
	Percent of CPU this job got: 60%
	Elapsed (wall clock) time (h:mm:ss or m:ss): 0:00.02
	Average shared text size (kbytes): 0
	Average unshared data size (kbytes): 0
	Average stack size (kbytes): 0
	Average total size (kbytes): 0
	Maximum resident set size (kbytes): 67660
	Average resident set size (kbytes): 0
	Major (requiring I/O) page faults: 61
	Minor (reclaiming a frame) page faults: 3728
	Voluntary context switches: 81
	Involuntary context switches: 3
	Swaps: 0
	File system inputs: 7288
	File system outputs: 8
	Socket messages sent: 0
	Socket messages received: 0
	Signals delivered: 0
	Page size (bytes): 4096
	Exit status: 0
