[firtool] Running fir parser
[firtool] -- Done in 0.008 sec
[firtool] Running "firrtl.circuit(firrtl-lower-annotations{disable-annotation-classless=false disable-annotation-unknown=true},firrtl.module(firrtl-drop-names{preserve-values=named},cse),firrtl-inject-dut-hier,firrtl.module(firrtl-lower-chirrtl),firrtl-infer-widths,firrtl-mem-to-reg-of-vec{ignore-read-enable-mem=false repl-seq-mem=false},firrtl-infer-resets,firrtl-dft,firrtl-lower-types{flatten-mem=false preserve-aggregate=1d-vec preserve-public-types=true},firrtl.module(firrtl-expand-whens,firrtl-sfc-compat),firrtl-inliner,firrtl.module(firrtl-randomize-register-init),firrtl-check-comb-cycles{print-simple-cycle=true},firrtl.module(canonicalize{  max-iterations=10 region-simplify=false top-down=true},firrtl-infer-rw),firrtl-prefix-modules,firrtl-imconstprop,firrtl-add-seqmem-ports,firrtl-emit-metadata{repl-seq-mem=false repl-seq-mem-circuit= repl-seq-mem-file=},firrtl-extract-instances,firrtl-grand-central,firrtl-grand-central-taps,firrtl-grand-central-signal-mappings{file=},symbol-dce,firrtl-blackbox-reader{input-prefix=/nix/store/ly38rhsik2wil4mkmpsc5z8z7lfm2vip-source/regress},firrtl.module(firrtl-drop-names{preserve-values=named},canonicalize{  max-iterations=10 region-simplify=false top-down=true}),firrtl-imdeadcodeelim,firrtl-emit-omir{file=},firrtl-resolve-traces{file=},firrtl-lower-xmr)"
[firtool]   Running "firrtl-lower-annotations{disable-annotation-classless=false disable-annotation-unknown=true}"
[firtool]   -- Done in 0.002 sec
[firtool]   Running "firrtl.module(firrtl-drop-names{preserve-values=named},cse)"
[firtool]   -- Done in 0.008 sec
[firtool]   Running "firrtl-inject-dut-hier"
[firtool]   -- Done in 0.000 sec
[firtool]   Running "firrtl.module(firrtl-lower-chirrtl)"
[firtool]   -- Done in 0.001 sec
[firtool]   Running "firrtl-infer-widths"
[firtool]   -- Done in 0.003 sec
[firtool]   Running "firrtl-mem-to-reg-of-vec{ignore-read-enable-mem=false repl-seq-mem=false}"
[firtool]   -- Done in 0.002 sec
[firtool]   Running "firrtl-infer-resets"
[firtool]   -- Done in 0.003 sec
[firtool]   Running "firrtl-dft"
[firtool]   -- Done in 0.001 sec
[firtool]   Running "firrtl-lower-types{flatten-mem=false preserve-aggregate=1d-vec preserve-public-types=true}"
[firtool]   -- Done in 0.003 sec
[firtool]   Running "firrtl.module(firrtl-expand-whens,firrtl-sfc-compat)"
[firtool]   -- Done in 0.002 sec
[firtool]   Running "firrtl-inliner"
[firtool]   -- Done in 0.002 sec
[firtool]   Running "firrtl.module(firrtl-randomize-register-init)"
[firtool]   -- Done in 0.002 sec
[firtool]   Running "firrtl-check-comb-cycles{print-simple-cycle=true}"
[firtool]   -- Done in 0.003 sec
[firtool]   Running "firrtl.module(canonicalize{  max-iterations=10 region-simplify=false top-down=true},firrtl-infer-rw)"
[firtool]   -- Done in 0.005 sec
[firtool]   Running "firrtl-prefix-modules"
[firtool]   -- Done in 0.001 sec
[firtool]   Running "firrtl-imconstprop"
[firtool]   -- Done in 0.004 sec
[firtool]   Running "firrtl-add-seqmem-ports"
[firtool]   -- Done in 0.000 sec
[firtool]   Running "firrtl-emit-metadata{repl-seq-mem=false repl-seq-mem-circuit= repl-seq-mem-file=}"
[firtool]   -- Done in 0.001 sec
[firtool]   Running "firrtl-extract-instances"
[firtool]   -- Done in 0.000 sec
[firtool]   Running "firrtl-grand-central"
[firtool]   -- Done in 0.000 sec
[firtool]   Running "firrtl-grand-central-taps"
[firtool]   -- Done in 0.000 sec
[firtool]   Running "firrtl-grand-central-signal-mappings{file=}"
[firtool]   -- Done in 0.000 sec
[firtool]   Running "symbol-dce"
[firtool]   -- Done in 0.002 sec
[firtool]   Running "firrtl-blackbox-reader{input-prefix=/nix/store/ly38rhsik2wil4mkmpsc5z8z7lfm2vip-source/regress}"
[firtool]   -- Done in 0.000 sec
[firtool]   Running "firrtl.module(firrtl-drop-names{preserve-values=named},canonicalize{  max-iterations=10 region-simplify=false top-down=true})"
[firtool]   -- Done in 0.002 sec
[firtool]   Running "firrtl-imdeadcodeelim"
[firtool]   -- Done in 0.003 sec
[firtool]   Running "firrtl-emit-omir{file=}"
[firtool]   -- Done in 0.000 sec
[firtool]   Running "firrtl-resolve-traces{file=}"
[firtool]   -- Done in 0.000 sec
[firtool]   Running "firrtl-lower-xmr"
[firtool]   -- Done in 0.001 sec
[firtool] -- Done in 0.053 sec
[firtool] Running "lower-firrtl-to-hw{emit-chisel-asserts-as-sva=false strip-mux-pragmas=false warn-on-unprocessed-annotations=false}"
[firtool] -- Done in 0.004 sec
[firtool] Running "hw.module(cse,canonicalize{  max-iterations=10 region-simplify=false top-down=true},cse,lower-seq-firrtl-to-sv)"
[firtool] -- Done in 0.007 sec
[firtool] Running "hw-memory-sim{ignore-read-enable-mem=false repl-seq-mem=false strip-mux-pragmas=false}"
[firtool] -- Done in 0.001 sec
[firtool] Running "hw.module(cse,canonicalize{  max-iterations=10 region-simplify=false top-down=true},cse,hw-cleanup)"
[firtool] -- Done in 0.003 sec
[firtool] Running "hw.module(hw-legalize-modules,prettify-verilog)"
[firtool] -- Done in 0.001 sec
[firtool] Running "strip-debuginfo-with-pred{drop-suffix=}"
[firtool] -- Done in 0.001 sec
[firtool] Running "export-verilog"
[firtool]   Running "hw.module(prepare-for-emission)"
[firtool]   -- Done in 0.002 sec
[firtool] -- Done in 0.006 sec
===-------------------------------------------------------------------------===
                         ... Execution time report ...
===-------------------------------------------------------------------------===
  Total Execution Time: 0.0852 seconds

  ----User Time----  ----Wall Time----  ----Name----
    0.0081 (  3.2%)    0.0081 (  9.5%)  FIR Parser
    0.0000 (  0.0%)    0.0000 (  0.0%)    Parse annotations
    0.0000 (  0.0%)    0.0000 (  0.0%)    Parse OMIR
    0.0060 (  2.4%)    0.0060 (  7.0%)    Parse modules
    0.0018 (  0.7%)    0.0018 (  2.1%)    Verify circuit
    0.1465 ( 58.2%)    0.0528 ( 62.0%)  'firrtl.circuit' Pipeline
    0.0016 (  0.6%)    0.0016 (  1.9%)    LowerFIRRTLAnnotations
    0.0342 ( 13.6%)    0.0074 (  8.6%)    'firrtl.module' Pipeline
    0.0231 (  9.2%)    0.0058 (  6.8%)      DropName
    0.0109 (  4.3%)    0.0021 (  2.5%)      CSE
    0.0000 (  0.0%)    0.0000 (  0.0%)        (A) DominanceInfo
    0.0000 (  0.0%)    0.0000 (  0.0%)    InjectDUTHierarchy
    0.0022 (  0.9%)    0.0006 (  0.7%)    'firrtl.module' Pipeline
    0.0016 (  0.6%)    0.0006 (  0.7%)      LowerCHIRRTLPass
    0.0035 (  1.4%)    0.0035 (  4.1%)    InferWidths
    0.0017 (  0.7%)    0.0017 (  1.9%)    MemToRegOfVec
    0.0033 (  1.3%)    0.0033 (  3.8%)    InferResets
    0.0003 (  0.1%)    0.0003 (  0.4%)      (A) circt::firrtl::InstanceGraph
    0.0007 (  0.3%)    0.0007 (  0.8%)    WireDFT
    0.0031 (  1.2%)    0.0031 (  3.6%)    LowerFIRRTLTypes
    0.0081 (  3.2%)    0.0014 (  1.6%)    'firrtl.module' Pipeline
    0.0063 (  2.5%)    0.0010 (  1.2%)      ExpandWhens
    0.0007 (  0.3%)    0.0004 (  0.5%)      SFCCompat
    0.0022 (  0.9%)    0.0022 (  2.6%)    Inliner
    0.0060 (  2.4%)    0.0011 (  1.3%)    'firrtl.module' Pipeline
    0.0050 (  2.0%)    0.0009 (  1.0%)      RandomizeRegisterInit
    0.0034 (  1.3%)    0.0034 (  4.0%)    CheckCombCycles
    0.0003 (  0.1%)    0.0003 (  0.3%)      (A) circt::firrtl::InstanceGraph
    0.0329 ( 13.1%)    0.0042 (  4.9%)    'firrtl.module' Pipeline
    0.0300 ( 11.9%)    0.0038 (  4.5%)      Canonicalizer
    0.0022 (  0.9%)    0.0004 (  0.4%)      InferReadWrite
    0.0008 (  0.3%)    0.0008 (  1.0%)    PrefixModules
    0.0002 (  0.1%)    0.0002 (  0.2%)      (A) circt::firrtl::InstanceGraph
    0.0000 (  0.0%)    0.0000 (  0.0%)      (A) circt::firrtl::NLATable
    0.0040 (  1.6%)    0.0040 (  4.7%)    IMConstProp
    0.0002 (  0.1%)    0.0002 (  0.2%)    AddSeqMemPorts
    0.0002 (  0.1%)    0.0002 (  0.2%)      (A) circt::firrtl::InstanceGraph
    0.0010 (  0.4%)    0.0010 (  1.1%)    CreateSiFiveMetadata
    0.0001 (  0.0%)    0.0001 (  0.1%)    ExtractInstances
    0.0000 (  0.0%)    0.0000 (  0.0%)      (A) circt::firrtl::NLATable
    0.0000 (  0.0%)    0.0000 (  0.0%)    GrandCentral
    0.0001 (  0.0%)    0.0001 (  0.1%)    GrandCentralTaps
    0.0000 (  0.0%)    0.0000 (  0.0%)    GrandCentralSignalMappings
    0.0019 (  0.7%)    0.0019 (  2.2%)    SymbolDCE
    0.0002 (  0.1%)    0.0002 (  0.2%)    BlackBoxReader
    0.0002 (  0.1%)    0.0002 (  0.2%)      (A) circt::firrtl::InstanceGraph
    0.0102 (  4.1%)    0.0015 (  1.7%)    'firrtl.module' Pipeline
    0.0034 (  1.4%)    0.0006 (  0.7%)      DropName
    0.0055 (  2.2%)    0.0009 (  1.0%)      Canonicalizer
    0.0027 (  1.1%)    0.0027 (  3.2%)    IMDeadCodeElim
    0.0002 (  0.1%)    0.0002 (  0.2%)      (A) circt::firrtl::InstanceGraph
    0.0000 (  0.0%)    0.0000 (  0.0%)    EmitOMIR
    0.0003 (  0.1%)    0.0003 (  0.4%)    ResolveTraces
    0.0000 (  0.0%)    0.0000 (  0.0%)      (A) circt::firrtl::NLATable
    0.0014 (  0.6%)    0.0014 (  1.6%)    LowerXMR
    0.0002 (  0.1%)    0.0002 (  0.2%)      (A) circt::firrtl::InstanceGraph
    0.0041 (  1.6%)    0.0041 (  4.8%)  LowerFIRRTLToHW
    0.0000 (  0.0%)    0.0000 (  0.0%)    (A) circt::firrtl::NLATable
    0.0002 (  0.1%)    0.0002 (  0.2%)    (A) circt::firrtl::InstanceGraph
    0.0406 ( 16.1%)    0.0061 (  7.2%)  'hw.module' Pipeline
    0.0092 (  3.6%)    0.0014 (  1.7%)    CSE
    0.0012 (  0.5%)    0.0006 (  0.7%)      (A) DominanceInfo
    0.0214 (  8.5%)    0.0038 (  4.5%)    Canonicalizer
    0.0046 (  1.8%)    0.0008 (  0.9%)    CSE
    0.0000 (  0.0%)    0.0000 (  0.0%)      (A) DominanceInfo
    0.0026 (  1.0%)    0.0005 (  0.6%)    LowerSeqFIRRTLToSV
    0.0007 (  0.3%)    0.0007 (  0.9%)  HWMemSimImpl
    0.0181 (  7.2%)    0.0031 (  3.7%)  'hw.module' Pipeline
    0.0068 (  2.7%)    0.0011 (  1.3%)    CSE
    0.0014 (  0.6%)    0.0010 (  1.2%)      (A) DominanceInfo
    0.0063 (  2.5%)    0.0012 (  1.4%)    Canonicalizer
    0.0033 (  1.3%)    0.0005 (  0.6%)    CSE
    0.0000 (  0.0%)    0.0000 (  0.0%)      (A) DominanceInfo
    0.0008 (  0.3%)    0.0003 (  0.3%)    HWCleanup
    0.0043 (  1.7%)    0.0005 (  0.6%)  'hw.module' Pipeline
    0.0006 (  0.2%)    0.0002 (  0.2%)    HWLegalizeModules
    0.0029 (  1.1%)    0.0004 (  0.5%)    PrettifyVerilog
    0.0009 (  0.4%)    0.0009 (  1.1%)  StripDebugInfoWithPred
    0.0063 (  2.5%)    0.0063 (  7.4%)  ExportVerilog
    0.0119 (  4.7%)    0.0021 (  2.4%)  'builtin.module' Pipeline
    0.0099 (  3.9%)    0.0016 (  1.9%)    'hw.module' Pipeline
    0.0089 (  3.5%)    0.0016 (  1.8%)      PrepareForEmission
   -0.0012 ( -0.5%)   -0.0012 ( -1.5%)  Rest
    0.2517 (100.0%)    0.0852 (100.0%)  Total
	Command being timed: "firtool /nix/store/ly38rhsik2wil4mkmpsc5z8z7lfm2vip-source/regress/FPU.fir -o /nix/store/f8dvy95kjpjl44pg9ajjdgdc1lhlimn0-test-outputs/FPU/FPU.sv -mlir-timing -verbose-pass-executions"
	User time (seconds): 0.27
	System time (seconds): 0.03
	Percent of CPU this job got: 324%
	Elapsed (wall clock) time (h:mm:ss or m:ss): 0:00.09
	Average shared text size (kbytes): 0
	Average unshared data size (kbytes): 0
	Average stack size (kbytes): 0
	Average total size (kbytes): 0
	Maximum resident set size (kbytes): 80492
	Average resident set size (kbytes): 0
	Major (requiring I/O) page faults: 0
	Minor (reclaiming a frame) page faults: 6417
	Voluntary context switches: 4352
	Involuntary context switches: 159
	Swaps: 0
	File system inputs: 0
	File system outputs: 504
	Socket messages sent: 0
	Socket messages received: 0
	Signals delivered: 0
	Page size (bytes): 4096
	Exit status: 0
