[firtool] Running fir parser
[firtool] -- Done in 0.010 sec
[firtool] Running "firrtl.circuit(firrtl-lower-annotations{disable-annotation-classless=false disable-annotation-unknown=true},firrtl.module(firrtl-drop-names{preserve-values=named},cse),firrtl-inject-dut-hier,firrtl.module(firrtl-lower-chirrtl),firrtl-infer-widths,firrtl-mem-to-reg-of-vec{ignore-read-enable-mem=false repl-seq-mem=false},firrtl-infer-resets,firrtl-dft,firrtl-lower-types{flatten-mem=false preserve-aggregate=1d-vec preserve-public-types=true},firrtl.module(firrtl-expand-whens,firrtl-sfc-compat),firrtl-inliner,firrtl.module(firrtl-randomize-register-init),firrtl-check-comb-cycles{print-simple-cycle=true},firrtl.module(canonicalize{  max-iterations=10 region-simplify=false top-down=true},firrtl-infer-rw),firrtl-prefix-modules,firrtl-imconstprop,firrtl-add-seqmem-ports,firrtl-emit-metadata{repl-seq-mem=false repl-seq-mem-circuit= repl-seq-mem-file=},firrtl-extract-instances,firrtl-grand-central,firrtl-grand-central-taps,firrtl-grand-central-signal-mappings{file=},symbol-dce,firrtl-blackbox-reader{input-prefix=/nix/store/ly38rhsik2wil4mkmpsc5z8z7lfm2vip-source/regress},firrtl.module(firrtl-drop-names{preserve-values=named},canonicalize{  max-iterations=10 region-simplify=false top-down=true}),firrtl-imdeadcodeelim,firrtl-emit-omir{file=},firrtl-resolve-traces{file=},firrtl-lower-xmr)"
[firtool]   Running "firrtl-lower-annotations{disable-annotation-classless=false disable-annotation-unknown=true}"
[firtool]   -- Done in 0.002 sec
[firtool]   Running "firrtl.module(firrtl-drop-names{preserve-values=named},cse)"
[firtool]   -- Done in 0.006 sec
[firtool]   Running "firrtl-inject-dut-hier"
[firtool]   -- Done in 0.000 sec
[firtool]   Running "firrtl.module(firrtl-lower-chirrtl)"
[firtool]   -- Done in 0.002 sec
[firtool]   Running "firrtl-infer-widths"
[firtool]   -- Done in 0.004 sec
[firtool]   Running "firrtl-mem-to-reg-of-vec{ignore-read-enable-mem=false repl-seq-mem=false}"
[firtool]   -- Done in 0.002 sec
[firtool]   Running "firrtl-infer-resets"
[firtool]   -- Done in 0.003 sec
[firtool]   Running "firrtl-dft"
[firtool]   -- Done in 0.001 sec
[firtool]   Running "firrtl-lower-types{flatten-mem=false preserve-aggregate=1d-vec preserve-public-types=true}"
[firtool]   -- Done in 0.004 sec
[firtool]   Running "firrtl.module(firrtl-expand-whens,firrtl-sfc-compat)"
[firtool]   -- Done in 0.003 sec
[firtool]   Running "firrtl-inliner"
[firtool]   -- Done in 0.003 sec
[firtool]   Running "firrtl.module(firrtl-randomize-register-init)"
[firtool]   -- Done in 0.002 sec
[firtool]   Running "firrtl-check-comb-cycles{print-simple-cycle=true}"
[firtool]   -- Done in 0.003 sec
[firtool]   Running "firrtl.module(canonicalize{  max-iterations=10 region-simplify=false top-down=true},firrtl-infer-rw)"
[firtool]   -- Done in 0.006 sec
[firtool]   Running "firrtl-prefix-modules"
[firtool]   -- Done in 0.001 sec
[firtool]   Running "firrtl-imconstprop"
[firtool]   -- Done in 0.004 sec
[firtool]   Running "firrtl-add-seqmem-ports"
[firtool]   -- Done in 0.000 sec
[firtool]   Running "firrtl-emit-metadata{repl-seq-mem=false repl-seq-mem-circuit= repl-seq-mem-file=}"
[firtool]   -- Done in 0.001 sec
[firtool]   Running "firrtl-extract-instances"
[firtool]   -- Done in 0.000 sec
[firtool]   Running "firrtl-grand-central"
[firtool]   -- Done in 0.000 sec
[firtool]   Running "firrtl-grand-central-taps"
[firtool]   -- Done in 0.000 sec
[firtool]   Running "firrtl-grand-central-signal-mappings{file=}"
[firtool]   -- Done in 0.000 sec
[firtool]   Running "symbol-dce"
[firtool]   -- Done in 0.002 sec
[firtool]   Running "firrtl-blackbox-reader{input-prefix=/nix/store/ly38rhsik2wil4mkmpsc5z8z7lfm2vip-source/regress}"
[firtool]   -- Done in 0.000 sec
[firtool]   Running "firrtl.module(firrtl-drop-names{preserve-values=named},canonicalize{  max-iterations=10 region-simplify=false top-down=true})"
[firtool]   -- Done in 0.003 sec
[firtool]   Running "firrtl-imdeadcodeelim"
[firtool]   -- Done in 0.002 sec
[firtool]   Running "firrtl-emit-omir{file=}"
[firtool]   -- Done in 0.000 sec
[firtool]   Running "firrtl-resolve-traces{file=}"
[firtool]   -- Done in 0.000 sec
[firtool]   Running "firrtl-lower-xmr"
[firtool]   -- Done in 0.001 sec
[firtool] -- Done in 0.056 sec
[firtool] Running "lower-firrtl-to-hw{emit-chisel-asserts-as-sva=false strip-mux-pragmas=false warn-on-unprocessed-annotations=false}"
[firtool] -- Done in 0.004 sec
[firtool] Running "hw.module(cse,canonicalize{  max-iterations=10 region-simplify=false top-down=true},cse,lower-seq-firrtl-to-sv)"
[firtool] -- Done in 0.007 sec
[firtool] Running "hw-memory-sim{ignore-read-enable-mem=false repl-seq-mem=false strip-mux-pragmas=false}"
[firtool] -- Done in 0.001 sec
[firtool] Running "hw.module(cse,canonicalize{  max-iterations=10 region-simplify=false top-down=true},cse,hw-cleanup)"
[firtool] -- Done in 0.005 sec
[firtool] Running "hw.module(hw-legalize-modules,prettify-verilog)"
[firtool] -- Done in 0.001 sec
[firtool] Running "strip-debuginfo-with-pred{drop-suffix=}"
[firtool] -- Done in 0.001 sec
[firtool] Running "export-verilog"
[firtool]   Running "hw.module(prepare-for-emission)"
[firtool]   -- Done in 0.002 sec
[firtool] -- Done in 0.006 sec
===-------------------------------------------------------------------------===
                         ... Execution time report ...
===-------------------------------------------------------------------------===
  Total Execution Time: 0.0918 seconds

  ----User Time----  ----Wall Time----  ----Name----
    0.0100 (  5.4%)    0.0100 ( 10.9%)  FIR Parser
    0.0000 (  0.0%)    0.0000 (  0.0%)    Parse annotations
    0.0000 (  0.0%)    0.0000 (  0.0%)    Parse OMIR
    0.0077 (  4.1%)    0.0077 (  8.3%)    Parse modules
    0.0021 (  1.1%)    0.0021 (  2.2%)    Verify circuit
    0.1071 ( 57.9%)    0.0559 ( 60.9%)  'firrtl.circuit' Pipeline
    0.0020 (  1.1%)    0.0020 (  2.1%)    LowerFIRRTLAnnotations
    0.0152 (  8.2%)    0.0047 (  5.1%)    'firrtl.module' Pipeline
    0.0085 (  4.6%)    0.0024 (  2.6%)      DropName
    0.0067 (  3.6%)    0.0023 (  2.5%)      CSE
    0.0000 (  0.0%)    0.0000 (  0.0%)        (A) DominanceInfo
    0.0000 (  0.0%)    0.0000 (  0.0%)    InjectDUTHierarchy
    0.0015 (  0.8%)    0.0011 (  1.2%)    'firrtl.module' Pipeline
    0.0015 (  0.8%)    0.0011 (  1.2%)      LowerCHIRRTLPass
    0.0044 (  2.4%)    0.0044 (  4.8%)    InferWidths
    0.0018 (  1.0%)    0.0018 (  1.9%)    MemToRegOfVec
    0.0033 (  1.8%)    0.0033 (  3.6%)    InferResets
    0.0003 (  0.2%)    0.0003 (  0.3%)      (A) circt::firrtl::InstanceGraph
    0.0006 (  0.3%)    0.0006 (  0.6%)    WireDFT
    0.0043 (  2.3%)    0.0043 (  4.7%)    LowerFIRRTLTypes
    0.0064 (  3.4%)    0.0024 (  2.6%)    'firrtl.module' Pipeline
    0.0053 (  2.9%)    0.0018 (  2.0%)      ExpandWhens
    0.0010 (  0.6%)    0.0010 (  1.0%)      SFCCompat
    0.0027 (  1.5%)    0.0027 (  2.9%)    Inliner
    0.0040 (  2.1%)    0.0012 (  1.3%)    'firrtl.module' Pipeline
    0.0039 (  2.1%)    0.0012 (  1.3%)      RandomizeRegisterInit
    0.0028 (  1.5%)    0.0028 (  3.1%)    CheckCombCycles
    0.0003 (  0.2%)    0.0003 (  0.3%)      (A) circt::firrtl::InstanceGraph
    0.0173 (  9.3%)    0.0059 (  6.4%)    'firrtl.module' Pipeline
    0.0156 (  8.4%)    0.0054 (  5.8%)      Canonicalizer
    0.0016 (  0.9%)    0.0005 (  0.6%)      InferReadWrite
    0.0007 (  0.4%)    0.0007 (  0.7%)    PrefixModules
    0.0002 (  0.1%)    0.0002 (  0.2%)      (A) circt::firrtl::InstanceGraph
    0.0000 (  0.0%)    0.0000 (  0.0%)      (A) circt::firrtl::NLATable
    0.0042 (  2.2%)    0.0042 (  4.5%)    IMConstProp
    0.0002 (  0.1%)    0.0002 (  0.2%)    AddSeqMemPorts
    0.0002 (  0.1%)    0.0002 (  0.2%)      (A) circt::firrtl::InstanceGraph
    0.0010 (  0.6%)    0.0010 (  1.1%)    CreateSiFiveMetadata
    0.0001 (  0.0%)    0.0001 (  0.1%)    ExtractInstances
    0.0000 (  0.0%)    0.0000 (  0.0%)      (A) circt::firrtl::NLATable
    0.0000 (  0.0%)    0.0000 (  0.0%)    GrandCentral
    0.0001 (  0.1%)    0.0001 (  0.1%)    GrandCentralTaps
    0.0000 (  0.0%)    0.0000 (  0.0%)    GrandCentralSignalMappings
    0.0021 (  1.1%)    0.0021 (  2.3%)    SymbolDCE
    0.0002 (  0.1%)    0.0002 (  0.2%)    BlackBoxReader
    0.0002 (  0.1%)    0.0002 (  0.2%)      (A) circt::firrtl::InstanceGraph
    0.0070 (  3.8%)    0.0023 (  2.5%)    'firrtl.module' Pipeline
    0.0018 (  1.0%)    0.0006 (  0.6%)      DropName
    0.0051 (  2.8%)    0.0018 (  1.9%)      Canonicalizer
    0.0023 (  1.2%)    0.0023 (  2.5%)    IMDeadCodeElim
    0.0002 (  0.1%)    0.0002 (  0.2%)      (A) circt::firrtl::InstanceGraph
    0.0000 (  0.0%)    0.0000 (  0.0%)    EmitOMIR
    0.0003 (  0.2%)    0.0003 (  0.4%)    ResolveTraces
    0.0000 (  0.0%)    0.0000 (  0.0%)      (A) circt::firrtl::NLATable
    0.0011 (  0.6%)    0.0011 (  1.2%)    LowerXMR
    0.0002 (  0.1%)    0.0002 (  0.2%)      (A) circt::firrtl::InstanceGraph
    0.0037 (  2.0%)    0.0037 (  4.0%)  LowerFIRRTLToHW
    0.0000 (  0.0%)    0.0000 (  0.0%)    (A) circt::firrtl::NLATable
    0.0001 (  0.1%)    0.0001 (  0.2%)    (A) circt::firrtl::InstanceGraph
    0.0227 ( 12.3%)    0.0069 (  7.5%)  'hw.module' Pipeline
    0.0037 (  2.0%)    0.0011 (  1.2%)    CSE
    0.0001 (  0.0%)    0.0000 (  0.0%)      (A) DominanceInfo
    0.0149 (  8.0%)    0.0044 (  4.8%)    Canonicalizer
    0.0023 (  1.3%)    0.0008 (  0.9%)    CSE
    0.0000 (  0.0%)    0.0000 (  0.0%)      (A) DominanceInfo
    0.0018 (  1.0%)    0.0007 (  0.7%)    LowerSeqFIRRTLToSV
    0.0007 (  0.4%)    0.0007 (  0.7%)  HWMemSimImpl
    0.0121 (  6.6%)    0.0046 (  5.1%)  'hw.module' Pipeline
    0.0036 (  2.0%)    0.0014 (  1.6%)    CSE
    0.0001 (  0.1%)    0.0001 (  0.1%)      (A) DominanceInfo
    0.0054 (  2.9%)    0.0020 (  2.1%)    Canonicalizer
    0.0022 (  1.2%)    0.0009 (  1.0%)    CSE
    0.0000 (  0.0%)    0.0000 (  0.0%)      (A) DominanceInfo
    0.0009 (  0.5%)    0.0003 (  0.4%)    HWCleanup
    0.0021 (  1.1%)    0.0007 (  0.7%)  'hw.module' Pipeline
    0.0002 (  0.1%)    0.0001 (  0.1%)    HWLegalizeModules
    0.0019 (  1.0%)    0.0006 (  0.7%)    PrettifyVerilog
    0.0010 (  0.5%)    0.0010 (  1.1%)  StripDebugInfoWithPred
    0.0063 (  3.4%)    0.0063 (  6.9%)  ExportVerilog
    0.0072 (  3.9%)    0.0021 (  2.3%)  'builtin.module' Pipeline
    0.0051 (  2.8%)    0.0017 (  1.9%)    'hw.module' Pipeline
    0.0051 (  2.8%)    0.0017 (  1.9%)      PrepareForEmission
   -0.0013 ( -0.7%)   -0.0013 ( -1.4%)  Rest
    0.1851 (100.0%)    0.0918 (100.0%)  Total
	Command being timed: "firtool /nix/store/ly38rhsik2wil4mkmpsc5z8z7lfm2vip-source/regress/RocketCore.fir -o /nix/store/rfz8xg71wnncp5iydcs4inl9q65hwrrm-test-outputs/RocketCore/RocketCore.sv -mlir-timing -verbose-pass-executions"
	User time (seconds): 0.20
	System time (seconds): 0.01
	Percent of CPU this job got: 212%
	Elapsed (wall clock) time (h:mm:ss or m:ss): 0:00.10
	Average shared text size (kbytes): 0
	Average unshared data size (kbytes): 0
	Average stack size (kbytes): 0
	Average total size (kbytes): 0
	Maximum resident set size (kbytes): 81096
	Average resident set size (kbytes): 0
	Major (requiring I/O) page faults: 0
	Minor (reclaiming a frame) page faults: 6558
	Voluntary context switches: 1928
	Involuntary context switches: 78
	Swaps: 0
	File system inputs: 0
	File system outputs: 432
	Socket messages sent: 0
	Socket messages received: 0
	Signals delivered: 0
	Page size (bytes): 4096
	Exit status: 0
