[firtool] Running fir parser
[firtool] -- Done in 0.011 sec
[firtool] Running "firrtl.circuit(firrtl-lower-annotations{disable-annotation-classless=false disable-annotation-unknown=true},firrtl.module(firrtl-drop-names{preserve-values=named},cse),firrtl-inject-dut-hier,firrtl.module(firrtl-lower-chirrtl),firrtl-infer-widths,firrtl-mem-to-reg-of-vec{ignore-read-enable-mem=false repl-seq-mem=false},firrtl-infer-resets,firrtl-dft,firrtl-lower-types{flatten-mem=false preserve-aggregate=1d-vec preserve-public-types=true},firrtl.module(firrtl-expand-whens,firrtl-sfc-compat),firrtl-inliner,firrtl.module(firrtl-randomize-register-init),firrtl-check-comb-cycles{print-simple-cycle=true},firrtl.module(canonicalize{  max-iterations=10 region-simplify=false top-down=true},firrtl-infer-rw),firrtl-prefix-modules,firrtl-imconstprop,firrtl-add-seqmem-ports,firrtl-emit-metadata{repl-seq-mem=false repl-seq-mem-circuit= repl-seq-mem-file=},firrtl-extract-instances,firrtl-grand-central,firrtl-grand-central-taps,firrtl-grand-central-signal-mappings{file=},symbol-dce,firrtl-blackbox-reader{input-prefix=/nix/store/ly38rhsik2wil4mkmpsc5z8z7lfm2vip-source/regress},firrtl.module(firrtl-drop-names{preserve-values=named},canonicalize{  max-iterations=10 region-simplify=false top-down=true}),firrtl-imdeadcodeelim,firrtl-emit-omir{file=},firrtl-resolve-traces{file=},firrtl-lower-xmr)"
[firtool]   Running "firrtl-lower-annotations{disable-annotation-classless=false disable-annotation-unknown=true}"
[firtool]   -- Done in 0.003 sec
[firtool]   Running "firrtl.module(firrtl-drop-names{preserve-values=named},cse)"
[firtool]   -- Done in 0.006 sec
[firtool]   Running "firrtl-inject-dut-hier"
[firtool]   -- Done in 0.000 sec
[firtool]   Running "firrtl.module(firrtl-lower-chirrtl)"
[firtool]   -- Done in 0.002 sec
[firtool]   Running "firrtl-infer-widths"
[firtool]   -- Done in 0.005 sec
[firtool]   Running "firrtl-mem-to-reg-of-vec{ignore-read-enable-mem=false repl-seq-mem=false}"
[firtool]   -- Done in 0.002 sec
[firtool]   Running "firrtl-infer-resets"
[firtool]   -- Done in 0.004 sec
[firtool]   Running "firrtl-dft"
[firtool]   -- Done in 0.000 sec
[firtool]   Running "firrtl-lower-types{flatten-mem=false preserve-aggregate=1d-vec preserve-public-types=true}"
[firtool]   -- Done in 0.004 sec
[firtool]   Running "firrtl.module(firrtl-expand-whens,firrtl-sfc-compat)"
[firtool]   -- Done in 0.003 sec
[firtool]   Running "firrtl-inliner"
[firtool]   -- Done in 0.003 sec
[firtool]   Running "firrtl.module(firrtl-randomize-register-init)"
[firtool]   -- Done in 0.003 sec
[firtool]   Running "firrtl-check-comb-cycles{print-simple-cycle=true}"
[firtool]   -- Done in 0.003 sec
[firtool]   Running "firrtl.module(canonicalize{  max-iterations=10 region-simplify=false top-down=true},firrtl-infer-rw)"
[firtool]   -- Done in 0.007 sec
[firtool]   Running "firrtl-prefix-modules"
[firtool]   -- Done in 0.001 sec
[firtool]   Running "firrtl-imconstprop"
[firtool]   -- Done in 0.005 sec
[firtool]   Running "firrtl-add-seqmem-ports"
[firtool]   -- Done in 0.000 sec
[firtool]   Running "firrtl-emit-metadata{repl-seq-mem=false repl-seq-mem-circuit= repl-seq-mem-file=}"
[firtool]   -- Done in 0.001 sec
[firtool]   Running "firrtl-extract-instances"
[firtool]   -- Done in 0.000 sec
[firtool]   Running "firrtl-grand-central"
[firtool]   -- Done in 0.000 sec
[firtool]   Running "firrtl-grand-central-taps"
[firtool]   -- Done in 0.000 sec
[firtool]   Running "firrtl-grand-central-signal-mappings{file=}"
[firtool]   -- Done in 0.000 sec
[firtool]   Running "symbol-dce"
[firtool]   -- Done in 0.002 sec
[firtool]   Running "firrtl-blackbox-reader{input-prefix=/nix/store/ly38rhsik2wil4mkmpsc5z8z7lfm2vip-source/regress}"
[firtool]   -- Done in 0.000 sec
[firtool]   Running "firrtl.module(firrtl-drop-names{preserve-values=named},canonicalize{  max-iterations=10 region-simplify=false top-down=true})"
[firtool]   -- Done in 0.003 sec
[firtool]   Running "firrtl-imdeadcodeelim"
[firtool]   -- Done in 0.002 sec
[firtool]   Running "firrtl-emit-omir{file=}"
[firtool]   -- Done in 0.000 sec
[firtool]   Running "firrtl-resolve-traces{file=}"
[firtool]   -- Done in 0.000 sec
[firtool]   Running "firrtl-lower-xmr"
[firtool]   -- Done in 0.001 sec
[firtool] -- Done in 0.061 sec
[firtool] Running "lower-firrtl-to-hw{emit-chisel-asserts-as-sva=false strip-mux-pragmas=false warn-on-unprocessed-annotations=false}"
[firtool] -- Done in 0.004 sec
[firtool] Running "hw.module(cse,canonicalize{  max-iterations=10 region-simplify=false top-down=true},cse,lower-seq-firrtl-to-sv)"
[firtool] -- Done in 0.011 sec
[firtool] Running "hw-memory-sim{ignore-read-enable-mem=false repl-seq-mem=false strip-mux-pragmas=false}"
[firtool] -- Done in 0.001 sec
[firtool] Running "hw.module(cse,canonicalize{  max-iterations=10 region-simplify=false top-down=true},cse,hw-cleanup)"
[firtool] -- Done in 0.009 sec
[firtool] Running "hw.module(hw-legalize-modules,prettify-verilog)"
[firtool] -- Done in 0.001 sec
[firtool] Running "strip-debuginfo-with-pred{drop-suffix=}"
[firtool] -- Done in 0.001 sec
[firtool] Running "export-verilog"
[firtool]   Running "hw.module(prepare-for-emission)"
[firtool]   -- Done in 0.003 sec
[firtool] -- Done in 0.008 sec
===-------------------------------------------------------------------------===
                         ... Execution time report ...
===-------------------------------------------------------------------------===
  Total Execution Time: 0.1072 seconds

  ----User Time----  ----Wall Time----  ----Name----
    0.0108 (  4.7%)    0.0108 ( 10.1%)  FIR Parser
    0.0000 (  0.0%)    0.0000 (  0.0%)    Parse annotations
    0.0000 (  0.0%)    0.0000 (  0.0%)    Parse OMIR
    0.0084 (  3.7%)    0.0084 (  7.9%)    Parse modules
    0.0021 (  0.9%)    0.0021 (  2.0%)    Verify circuit
    0.1189 ( 51.8%)    0.0605 ( 56.4%)  'firrtl.circuit' Pipeline
    0.0026 (  1.1%)    0.0026 (  2.4%)    LowerFIRRTLAnnotations
    0.0164 (  7.2%)    0.0052 (  4.9%)    'firrtl.module' Pipeline
    0.0089 (  3.9%)    0.0029 (  2.7%)      DropName
    0.0075 (  3.3%)    0.0024 (  2.2%)      CSE
    0.0000 (  0.0%)    0.0000 (  0.0%)        (A) DominanceInfo
    0.0000 (  0.0%)    0.0000 (  0.0%)    InjectDUTHierarchy
    0.0014 (  0.6%)    0.0011 (  1.0%)    'firrtl.module' Pipeline
    0.0014 (  0.6%)    0.0011 (  1.0%)      LowerCHIRRTLPass
    0.0049 (  2.1%)    0.0049 (  4.5%)    InferWidths
    0.0018 (  0.8%)    0.0018 (  1.7%)    MemToRegOfVec
    0.0040 (  1.7%)    0.0040 (  3.7%)    InferResets
    0.0003 (  0.1%)    0.0003 (  0.2%)      (A) circt::firrtl::InstanceGraph
    0.0005 (  0.2%)    0.0005 (  0.4%)    WireDFT
    0.0039 (  1.7%)    0.0039 (  3.7%)    LowerFIRRTLTypes
    0.0072 (  3.1%)    0.0028 (  2.6%)    'firrtl.module' Pipeline
    0.0060 (  2.6%)    0.0019 (  1.8%)      ExpandWhens
    0.0010 (  0.4%)    0.0009 (  0.9%)      SFCCompat
    0.0030 (  1.3%)    0.0030 (  2.8%)    Inliner
    0.0054 (  2.4%)    0.0018 (  1.7%)    'firrtl.module' Pipeline
    0.0053 (  2.3%)    0.0018 (  1.7%)      RandomizeRegisterInit
    0.0034 (  1.5%)    0.0034 (  3.2%)    CheckCombCycles
    0.0003 (  0.1%)    0.0003 (  0.3%)      (A) circt::firrtl::InstanceGraph
    0.0210 (  9.1%)    0.0063 (  5.9%)    'firrtl.module' Pipeline
    0.0193 (  8.4%)    0.0059 (  5.5%)      Canonicalizer
    0.0017 (  0.7%)    0.0005 (  0.5%)      InferReadWrite
    0.0007 (  0.3%)    0.0007 (  0.6%)    PrefixModules
    0.0002 (  0.1%)    0.0002 (  0.1%)      (A) circt::firrtl::InstanceGraph
    0.0000 (  0.0%)    0.0000 (  0.0%)      (A) circt::firrtl::NLATable
    0.0048 (  2.1%)    0.0048 (  4.5%)    IMConstProp
    0.0002 (  0.1%)    0.0002 (  0.2%)    AddSeqMemPorts
    0.0002 (  0.1%)    0.0002 (  0.2%)      (A) circt::firrtl::InstanceGraph
    0.0010 (  0.4%)    0.0010 (  0.9%)    CreateSiFiveMetadata
    0.0001 (  0.0%)    0.0001 (  0.1%)    ExtractInstances
    0.0000 (  0.0%)    0.0000 (  0.0%)      (A) circt::firrtl::NLATable
    0.0000 (  0.0%)    0.0000 (  0.0%)    GrandCentral
    0.0001 (  0.0%)    0.0001 (  0.1%)    GrandCentralTaps
    0.0000 (  0.0%)    0.0000 (  0.0%)    GrandCentralSignalMappings
    0.0017 (  0.7%)    0.0017 (  1.5%)    SymbolDCE
    0.0003 (  0.1%)    0.0003 (  0.2%)    BlackBoxReader
    0.0002 (  0.1%)    0.0002 (  0.2%)      (A) circt::firrtl::InstanceGraph
    0.0070 (  3.0%)    0.0024 (  2.2%)    'firrtl.module' Pipeline
    0.0019 (  0.8%)    0.0006 (  0.6%)      DropName
    0.0049 (  2.2%)    0.0018 (  1.6%)      Canonicalizer
    0.0023 (  1.0%)    0.0023 (  2.1%)    IMDeadCodeElim
    0.0001 (  0.1%)    0.0001 (  0.1%)      (A) circt::firrtl::InstanceGraph
    0.0000 (  0.0%)    0.0000 (  0.0%)    EmitOMIR
    0.0003 (  0.1%)    0.0003 (  0.3%)    ResolveTraces
    0.0000 (  0.0%)    0.0000 (  0.0%)      (A) circt::firrtl::NLATable
    0.0013 (  0.6%)    0.0013 (  1.3%)    LowerXMR
    0.0001 (  0.1%)    0.0001 (  0.1%)      (A) circt::firrtl::InstanceGraph
    0.0043 (  1.9%)    0.0043 (  4.0%)  LowerFIRRTLToHW
    0.0000 (  0.0%)    0.0000 (  0.0%)    (A) circt::firrtl::NLATable
    0.0001 (  0.1%)    0.0001 (  0.1%)    (A) circt::firrtl::InstanceGraph
    0.0345 ( 15.0%)    0.0105 (  9.8%)  'hw.module' Pipeline
    0.0058 (  2.5%)    0.0019 (  1.7%)    CSE
    0.0001 (  0.0%)    0.0000 (  0.0%)      (A) DominanceInfo
    0.0218 (  9.5%)    0.0069 (  6.4%)    Canonicalizer
    0.0038 (  1.7%)    0.0018 (  1.6%)    CSE
    0.0000 (  0.0%)    0.0000 (  0.0%)      (A) DominanceInfo
    0.0030 (  1.3%)    0.0015 (  1.4%)    LowerSeqFIRRTLToSV
    0.0010 (  0.4%)    0.0010 (  0.9%)  HWMemSimImpl
    0.0203 (  8.9%)    0.0080 (  7.5%)  'hw.module' Pipeline
    0.0061 (  2.7%)    0.0021 (  2.0%)    CSE
    0.0001 (  0.0%)    0.0000 (  0.0%)      (A) DominanceInfo
    0.0090 (  3.9%)    0.0039 (  3.6%)    Canonicalizer
    0.0039 (  1.7%)    0.0017 (  1.5%)    CSE
    0.0000 (  0.0%)    0.0000 (  0.0%)      (A) DominanceInfo
    0.0012 (  0.5%)    0.0006 (  0.6%)    HWCleanup
    0.0021 (  0.9%)    0.0007 (  0.6%)  'hw.module' Pipeline
    0.0001 (  0.1%)    0.0000 (  0.0%)    HWLegalizeModules
    0.0019 (  0.8%)    0.0006 (  0.6%)    PrettifyVerilog
    0.0009 (  0.4%)    0.0009 (  0.8%)  StripDebugInfoWithPred
    0.0082 (  3.6%)    0.0082 (  7.7%)  ExportVerilog
    0.0098 (  4.3%)    0.0027 (  2.5%)  'builtin.module' Pipeline
    0.0071 (  3.1%)    0.0022 (  2.1%)    'hw.module' Pipeline
    0.0066 (  2.9%)    0.0022 (  2.1%)      PrepareForEmission
   -0.0019 ( -0.8%)   -0.0019 ( -1.8%)  Rest
    0.2296 (100.0%)    0.1072 (100.0%)  Total
	Command being timed: "firtool /nix/store/ly38rhsik2wil4mkmpsc5z8z7lfm2vip-source/regress/RocketCore.fir -o /nix/store/cpdlyhkvn56avjf4idy5izcqdxniax3w-test-outputs/RocketCore/RocketCore.sv -mlir-timing -verbose-pass-executions"
	User time (seconds): 0.24
	System time (seconds): 0.01
	Percent of CPU this job got: 225%
	Elapsed (wall clock) time (h:mm:ss or m:ss): 0:00.11
	Average shared text size (kbytes): 0
	Average unshared data size (kbytes): 0
	Average stack size (kbytes): 0
	Average total size (kbytes): 0
	Maximum resident set size (kbytes): 77304
	Average resident set size (kbytes): 0
	Major (requiring I/O) page faults: 2
	Minor (reclaiming a frame) page faults: 6278
	Voluntary context switches: 1794
	Involuntary context switches: 109
	Swaps: 0
	File system inputs: 0
	File system outputs: 488
	Socket messages sent: 0
	Socket messages received: 0
	Signals delivered: 0
	Page size (bytes): 4096
	Exit status: 0
